<?xml version="1.0" encoding="UTF-8"?>
<testsuite xmlns:xsi="http://www.w3.org/2001/XMLSchema-instance" xsi:noNamespaceSchemaLocation="https://maven.apache.org/surefire/maven-surefire-plugin/xsd/surefire-test-report.xsd" name="TestSuite" time="37.629" tests="6" errors="0" skipped="5" failures="1">
  <properties>
    <property name="java.specification.version" value="17"/>
    <property name="sun.cpu.isalist" value="amd64"/>
    <property name="sun.jnu.encoding" value="Cp1252"/>
    <property name="java.class.path" value="D:\MobileAutomation\target\test-classes;D:\MobileAutomation\target\classes;C:\Users\anujr\.m2\repository\org\seleniumhq\selenium\selenium-java\4.9.0\selenium-java-4.9.0.jar;C:\Users\anujr\.m2\repository\org\seleniumhq\selenium\selenium-api\4.9.0\selenium-api-4.9.0.jar;C:\Users\anujr\.m2\repository\org\seleniumhq\selenium\selenium-chrome-driver\4.9.0\selenium-chrome-driver-4.9.0.jar;C:\Users\anujr\.m2\repository\com\google\auto\service\auto-service-annotations\1.0.1\auto-service-annotations-1.0.1.jar;C:\Users\anujr\.m2\repository\com\google\auto\service\auto-service\1.0.1\auto-service-1.0.1.jar;C:\Users\anujr\.m2\repository\com\google\auto\auto-common\1.2\auto-common-1.2.jar;C:\Users\anujr\.m2\repository\com\google\guava\guava\31.1-jre\guava-31.1-jre.jar;C:\Users\anujr\.m2\repository\com\google\guava\failureaccess\1.0.1\failureaccess-1.0.1.jar;C:\Users\anujr\.m2\repository\com\google\guava\listenablefuture\9999.0-empty-to-avoid-conflict-with-guava\listenablefuture-9999.0-empty-to-avoid-conflict-with-guava.jar;C:\Users\anujr\.m2\repository\com\google\code\findbugs\jsr305\3.0.2\jsr305-3.0.2.jar;C:\Users\anujr\.m2\repository\org\checkerframework\checker-qual\3.12.0\checker-qual-3.12.0.jar;C:\Users\anujr\.m2\repository\com\google\errorprone\error_prone_annotations\2.11.0\error_prone_annotations-2.11.0.jar;C:\Users\anujr\.m2\repository\com\google\j2objc\j2objc-annotations\1.3\j2objc-annotations-1.3.jar;C:\Users\anujr\.m2\repository\org\seleniumhq\selenium\selenium-chromium-driver\4.9.0\selenium-chromium-driver-4.9.0.jar;C:\Users\anujr\.m2\repository\org\seleniumhq\selenium\selenium-json\4.9.0\selenium-json-4.9.0.jar;C:\Users\anujr\.m2\repository\org\seleniumhq\selenium\selenium-manager\4.9.0\selenium-manager-4.9.0.jar;C:\Users\anujr\.m2\repository\org\seleniumhq\selenium\selenium-devtools-v110\4.9.0\selenium-devtools-v110-4.9.0.jar;C:\Users\anujr\.m2\repository\org\seleniumhq\selenium\selenium-devtools-v111\4.9.0\selenium-devtools-v111-4.9.0.jar;C:\Users\anujr\.m2\repository\org\seleniumhq\selenium\selenium-devtools-v112\4.9.0\selenium-devtools-v112-4.9.0.jar;C:\Users\anujr\.m2\repository\org\seleniumhq\selenium\selenium-devtools-v85\4.9.0\selenium-devtools-v85-4.9.0.jar;C:\Users\anujr\.m2\repository\org\seleniumhq\selenium\selenium-edge-driver\4.9.0\selenium-edge-driver-4.9.0.jar;C:\Users\anujr\.m2\repository\org\seleniumhq\selenium\selenium-firefox-driver\4.9.0\selenium-firefox-driver-4.9.0.jar;C:\Users\anujr\.m2\repository\org\seleniumhq\selenium\selenium-http\4.9.0\selenium-http-4.9.0.jar;C:\Users\anujr\.m2\repository\dev\failsafe\failsafe\3.3.1\failsafe-3.3.1.jar;C:\Users\anujr\.m2\repository\org\seleniumhq\selenium\selenium-ie-driver\4.9.0\selenium-ie-driver-4.9.0.jar;C:\Users\anujr\.m2\repository\org\seleniumhq\selenium\selenium-remote-driver\4.9.0\selenium-remote-driver-4.9.0.jar;C:\Users\anujr\.m2\repository\io\netty\netty-buffer\4.1.91.Final\netty-buffer-4.1.91.Final.jar;C:\Users\anujr\.m2\repository\io\netty\netty-codec-http\4.1.91.Final\netty-codec-http-4.1.91.Final.jar;C:\Users\anujr\.m2\repository\io\netty\netty-codec\4.1.91.Final\netty-codec-4.1.91.Final.jar;C:\Users\anujr\.m2\repository\io\netty\netty-handler\4.1.91.Final\netty-handler-4.1.91.Final.jar;C:\Users\anujr\.m2\repository\io\netty\netty-common\4.1.91.Final\netty-common-4.1.91.Final.jar;C:\Users\anujr\.m2\repository\io\netty\netty-transport-classes-epoll\4.1.91.Final\netty-transport-classes-epoll-4.1.91.Final.jar;C:\Users\anujr\.m2\repository\io\netty\netty-transport-classes-kqueue\4.1.91.Final\netty-transport-classes-kqueue-4.1.91.Final.jar;C:\Users\anujr\.m2\repository\io\netty\netty-transport-native-epoll\4.1.91.Final\netty-transport-native-epoll-4.1.91.Final.jar;C:\Users\anujr\.m2\repository\io\netty\netty-transport-native-kqueue\4.1.91.Final\netty-transport-native-kqueue-4.1.91.Final.jar;C:\Users\anujr\.m2\repository\io\netty\netty-transport-native-unix-common\4.1.91.Final\netty-transport-native-unix-common-4.1.91.Final.jar;C:\Users\anujr\.m2\repository\io\netty\netty-transport\4.1.91.Final\netty-transport-4.1.91.Final.jar;C:\Users\anujr\.m2\repository\io\netty\netty-resolver\4.1.91.Final\netty-resolver-4.1.91.Final.jar;C:\Users\anujr\.m2\repository\io\opentelemetry\opentelemetry-api\1.25.0\opentelemetry-api-1.25.0.jar;C:\Users\anujr\.m2\repository\io\opentelemetry\opentelemetry-context\1.25.0\opentelemetry-context-1.25.0.jar;C:\Users\anujr\.m2\repository\io\opentelemetry\opentelemetry-exporter-logging\1.25.0\opentelemetry-exporter-logging-1.25.0.jar;C:\Users\anujr\.m2\repository\io\opentelemetry\opentelemetry-sdk-metrics\1.25.0\opentelemetry-sdk-metrics-1.25.0.jar;C:\Users\anujr\.m2\repository\io\opentelemetry\opentelemetry-sdk-logs\1.25.0-alpha\opentelemetry-sdk-logs-1.25.0-alpha.jar;C:\Users\anujr\.m2\repository\io\opentelemetry\opentelemetry-api-logs\1.25.0-alpha\opentelemetry-api-logs-1.25.0-alpha.jar;C:\Users\anujr\.m2\repository\io\opentelemetry\opentelemetry-api-events\1.25.0-alpha\opentelemetry-api-events-1.25.0-alpha.jar;C:\Users\anujr\.m2\repository\io\opentelemetry\opentelemetry-sdk-common\1.25.0\opentelemetry-sdk-common-1.25.0.jar;C:\Users\anujr\.m2\repository\io\opentelemetry\opentelemetry-sdk-extension-autoconfigure-spi\1.25.0\opentelemetry-sdk-extension-autoconfigure-spi-1.25.0.jar;C:\Users\anujr\.m2\repository\io\opentelemetry\opentelemetry-sdk-extension-autoconfigure\1.25.0-alpha\opentelemetry-sdk-extension-autoconfigure-1.25.0-alpha.jar;C:\Users\anujr\.m2\repository\io\opentelemetry\opentelemetry-sdk-trace\1.25.0\opentelemetry-sdk-trace-1.25.0.jar;C:\Users\anujr\.m2\repository\io\opentelemetry\opentelemetry-sdk\1.25.0\opentelemetry-sdk-1.25.0.jar;C:\Users\anujr\.m2\repository\io\opentelemetry\opentelemetry-semconv\1.25.0-alpha\opentelemetry-semconv-1.25.0-alpha.jar;C:\Users\anujr\.m2\repository\io\ous\jtoml\2.0.0\jtoml-2.0.0.jar;C:\Users\anujr\.m2\repository\net\bytebuddy\byte-buddy\1.14.4\byte-buddy-1.14.4.jar;C:\Users\anujr\.m2\repository\org\apache\commons\commons-exec\1.3\commons-exec-1.3.jar;C:\Users\anujr\.m2\repository\org\asynchttpclient\async-http-client\2.12.3\async-http-client-2.12.3.jar;C:\Users\anujr\.m2\repository\org\asynchttpclient\async-http-client-netty-utils\2.12.3\async-http-client-netty-utils-2.12.3.jar;C:\Users\anujr\.m2\repository\io\netty\netty-codec-socks\4.1.60.Final\netty-codec-socks-4.1.60.Final.jar;C:\Users\anujr\.m2\repository\io\netty\netty-handler-proxy\4.1.60.Final\netty-handler-proxy-4.1.60.Final.jar;C:\Users\anujr\.m2\repository\io\netty\netty-transport-native-epoll\4.1.60.Final\netty-transport-native-epoll-4.1.60.Final-linux-x86_64.jar;C:\Users\anujr\.m2\repository\io\netty\netty-transport-native-kqueue\4.1.60.Final\netty-transport-native-kqueue-4.1.60.Final-osx-x86_64.jar;C:\Users\anujr\.m2\repository\com\typesafe\netty\netty-reactive-streams\2.0.4\netty-reactive-streams-2.0.4.jar;C:\Users\anujr\.m2\repository\com\sun\activation\jakarta.activation\1.2.2\jakarta.activation-1.2.2.jar;C:\Users\anujr\.m2\repository\org\seleniumhq\selenium\selenium-safari-driver\4.9.0\selenium-safari-driver-4.9.0.jar;C:\Users\anujr\.m2\repository\org\seleniumhq\selenium\selenium-support\4.9.0\selenium-support-4.9.0.jar;C:\Users\anujr\.m2\repository\org\testng\testng\7.0.0\testng-7.0.0.jar;C:\Users\anujr\.m2\repository\com\beust\jcommander\1.72\jcommander-1.72.jar;C:\Users\anujr\.m2\repository\org\apache\poi\poi\5.2.3\poi-5.2.3.jar;C:\Users\anujr\.m2\repository\commons-codec\commons-codec\1.15\commons-codec-1.15.jar;C:\Users\anujr\.m2\repository\org\apache\commons\commons-collections4\4.4\commons-collections4-4.4.jar;C:\Users\anujr\.m2\repository\org\apache\commons\commons-math3\3.6.1\commons-math3-3.6.1.jar;C:\Users\anujr\.m2\repository\commons-io\commons-io\2.11.0\commons-io-2.11.0.jar;C:\Users\anujr\.m2\repository\com\zaxxer\SparseBitSet\1.2\SparseBitSet-1.2.jar;C:\Users\anujr\.m2\repository\org\apache\logging\log4j\log4j-api\2.18.0\log4j-api-2.18.0.jar;C:\Users\anujr\.m2\repository\io\appium\java-client\8.4.0\java-client-8.4.0.jar;C:\Users\anujr\.m2\repository\com\google\code\gson\gson\2.10.1\gson-2.10.1.jar;C:\Users\anujr\.m2\repository\cglib\cglib\3.3.0\cglib-3.3.0.jar;C:\Users\anujr\.m2\repository\org\ow2\asm\asm\7.1\asm-7.1.jar;C:\Users\anujr\.m2\repository\commons-validator\commons-validator\1.7\commons-validator-1.7.jar;C:\Users\anujr\.m2\repository\commons-beanutils\commons-beanutils\1.9.4\commons-beanutils-1.9.4.jar;C:\Users\anujr\.m2\repository\commons-digester\commons-digester\2.1\commons-digester-2.1.jar;C:\Users\anujr\.m2\repository\commons-logging\commons-logging\1.2\commons-logging-1.2.jar;C:\Users\anujr\.m2\repository\commons-collections\commons-collections\3.2.2\commons-collections-3.2.2.jar;C:\Users\anujr\.m2\repository\org\apache\commons\commons-lang3\3.12.0\commons-lang3-3.12.0.jar;C:\Users\anujr\.m2\repository\org\slf4j\slf4j-api\2.0.7\slf4j-api-2.0.7.jar;C:\Users\anujr\.m2\repository\org\projectlombok\lombok\1.18.28\lombok-1.18.28.jar;C:\Users\anujr\.m2\repository\org\apache\poi\poi-ooxml\5.2.3\poi-ooxml-5.2.3.jar;C:\Users\anujr\.m2\repository\org\apache\poi\poi-ooxml-lite\5.2.3\poi-ooxml-lite-5.2.3.jar;C:\Users\anujr\.m2\repository\org\apache\xmlbeans\xmlbeans\5.1.1\xmlbeans-5.1.1.jar;C:\Users\anujr\.m2\repository\org\apache\commons\commons-compress\1.21\commons-compress-1.21.jar;C:\Users\anujr\.m2\repository\com\github\virtuald\curvesapi\1.07\curvesapi-1.07.jar;C:\Users\anujr\.m2\repository\com\aventstack\extentreports\5.0.9\extentreports-5.0.9.jar;C:\Users\anujr\.m2\repository\io\reactivex\rxjava3\rxjava\3.0.4\rxjava-3.0.4.jar;C:\Users\anujr\.m2\repository\org\reactivestreams\reactive-streams\1.0.3\reactive-streams-1.0.3.jar;C:\Users\anujr\.m2\repository\org\freemarker\freemarker\2.3.30\freemarker-2.3.30.jar;C:\Users\anujr\.m2\repository\org\apache\maven\surefire\surefire-testng-utils\2.22.0\surefire-testng-utils-2.22.0.jar;C:\Users\anujr\.m2\repository\org\apache\maven\surefire\surefire-grouper\2.22.0\surefire-grouper-2.22.0.jar;"/>
    <property name="java.vm.vendor" value="Oracle Corporation"/>
    <property name="sun.arch.data.model" value="64"/>
    <property name="user.variant" value=""/>
    <property name="java.vendor.url" value="https://java.oracle.com/"/>
    <property name="user.timezone" value="Asia/Calcutta"/>
    <property name="os.name" value="Windows 11"/>
    <property name="java.vm.specification.version" value="17"/>
    <property name="sun.java.launcher" value="SUN_STANDARD"/>
    <property name="user.country" value="US"/>
    <property name="sun.boot.library.path" value="C:\Program Files\Java\jdk-17\bin"/>
    <property name="sun.java.command" value="C:\Users\anujr\AppData\Local\Temp\surefire12333353331887404359\surefirebooter1208877611985331864.jar C:\Users\anujr\AppData\Local\Temp\surefire12333353331887404359 2024-03-17T20-09-53_900-jvmRun1 surefire11202935536807191456tmp surefire_017313270565865430109tmp"/>
    <property name="jdk.debug" value="release"/>
    <property name="surefire.test.class.path" value="D:\MobileAutomation\target\test-classes;D:\MobileAutomation\target\classes;C:\Users\anujr\.m2\repository\org\seleniumhq\selenium\selenium-java\4.9.0\selenium-java-4.9.0.jar;C:\Users\anujr\.m2\repository\org\seleniumhq\selenium\selenium-api\4.9.0\selenium-api-4.9.0.jar;C:\Users\anujr\.m2\repository\org\seleniumhq\selenium\selenium-chrome-driver\4.9.0\selenium-chrome-driver-4.9.0.jar;C:\Users\anujr\.m2\repository\com\google\auto\service\auto-service-annotations\1.0.1\auto-service-annotations-1.0.1.jar;C:\Users\anujr\.m2\repository\com\google\auto\service\auto-service\1.0.1\auto-service-1.0.1.jar;C:\Users\anujr\.m2\repository\com\google\auto\auto-common\1.2\auto-common-1.2.jar;C:\Users\anujr\.m2\repository\com\google\guava\guava\31.1-jre\guava-31.1-jre.jar;C:\Users\anujr\.m2\repository\com\google\guava\failureaccess\1.0.1\failureaccess-1.0.1.jar;C:\Users\anujr\.m2\repository\com\google\guava\listenablefuture\9999.0-empty-to-avoid-conflict-with-guava\listenablefuture-9999.0-empty-to-avoid-conflict-with-guava.jar;C:\Users\anujr\.m2\repository\com\google\code\findbugs\jsr305\3.0.2\jsr305-3.0.2.jar;C:\Users\anujr\.m2\repository\org\checkerframework\checker-qual\3.12.0\checker-qual-3.12.0.jar;C:\Users\anujr\.m2\repository\com\google\errorprone\error_prone_annotations\2.11.0\error_prone_annotations-2.11.0.jar;C:\Users\anujr\.m2\repository\com\google\j2objc\j2objc-annotations\1.3\j2objc-annotations-1.3.jar;C:\Users\anujr\.m2\repository\org\seleniumhq\selenium\selenium-chromium-driver\4.9.0\selenium-chromium-driver-4.9.0.jar;C:\Users\anujr\.m2\repository\org\seleniumhq\selenium\selenium-json\4.9.0\selenium-json-4.9.0.jar;C:\Users\anujr\.m2\repository\org\seleniumhq\selenium\selenium-manager\4.9.0\selenium-manager-4.9.0.jar;C:\Users\anujr\.m2\repository\org\seleniumhq\selenium\selenium-devtools-v110\4.9.0\selenium-devtools-v110-4.9.0.jar;C:\Users\anujr\.m2\repository\org\seleniumhq\selenium\selenium-devtools-v111\4.9.0\selenium-devtools-v111-4.9.0.jar;C:\Users\anujr\.m2\repository\org\seleniumhq\selenium\selenium-devtools-v112\4.9.0\selenium-devtools-v112-4.9.0.jar;C:\Users\anujr\.m2\repository\org\seleniumhq\selenium\selenium-devtools-v85\4.9.0\selenium-devtools-v85-4.9.0.jar;C:\Users\anujr\.m2\repository\org\seleniumhq\selenium\selenium-edge-driver\4.9.0\selenium-edge-driver-4.9.0.jar;C:\Users\anujr\.m2\repository\org\seleniumhq\selenium\selenium-firefox-driver\4.9.0\selenium-firefox-driver-4.9.0.jar;C:\Users\anujr\.m2\repository\org\seleniumhq\selenium\selenium-http\4.9.0\selenium-http-4.9.0.jar;C:\Users\anujr\.m2\repository\dev\failsafe\failsafe\3.3.1\failsafe-3.3.1.jar;C:\Users\anujr\.m2\repository\org\seleniumhq\selenium\selenium-ie-driver\4.9.0\selenium-ie-driver-4.9.0.jar;C:\Users\anujr\.m2\repository\org\seleniumhq\selenium\selenium-remote-driver\4.9.0\selenium-remote-driver-4.9.0.jar;C:\Users\anujr\.m2\repository\io\netty\netty-buffer\4.1.91.Final\netty-buffer-4.1.91.Final.jar;C:\Users\anujr\.m2\repository\io\netty\netty-codec-http\4.1.91.Final\netty-codec-http-4.1.91.Final.jar;C:\Users\anujr\.m2\repository\io\netty\netty-codec\4.1.91.Final\netty-codec-4.1.91.Final.jar;C:\Users\anujr\.m2\repository\io\netty\netty-handler\4.1.91.Final\netty-handler-4.1.91.Final.jar;C:\Users\anujr\.m2\repository\io\netty\netty-common\4.1.91.Final\netty-common-4.1.91.Final.jar;C:\Users\anujr\.m2\repository\io\netty\netty-transport-classes-epoll\4.1.91.Final\netty-transport-classes-epoll-4.1.91.Final.jar;C:\Users\anujr\.m2\repository\io\netty\netty-transport-classes-kqueue\4.1.91.Final\netty-transport-classes-kqueue-4.1.91.Final.jar;C:\Users\anujr\.m2\repository\io\netty\netty-transport-native-epoll\4.1.91.Final\netty-transport-native-epoll-4.1.91.Final.jar;C:\Users\anujr\.m2\repository\io\netty\netty-transport-native-kqueue\4.1.91.Final\netty-transport-native-kqueue-4.1.91.Final.jar;C:\Users\anujr\.m2\repository\io\netty\netty-transport-native-unix-common\4.1.91.Final\netty-transport-native-unix-common-4.1.91.Final.jar;C:\Users\anujr\.m2\repository\io\netty\netty-transport\4.1.91.Final\netty-transport-4.1.91.Final.jar;C:\Users\anujr\.m2\repository\io\netty\netty-resolver\4.1.91.Final\netty-resolver-4.1.91.Final.jar;C:\Users\anujr\.m2\repository\io\opentelemetry\opentelemetry-api\1.25.0\opentelemetry-api-1.25.0.jar;C:\Users\anujr\.m2\repository\io\opentelemetry\opentelemetry-context\1.25.0\opentelemetry-context-1.25.0.jar;C:\Users\anujr\.m2\repository\io\opentelemetry\opentelemetry-exporter-logging\1.25.0\opentelemetry-exporter-logging-1.25.0.jar;C:\Users\anujr\.m2\repository\io\opentelemetry\opentelemetry-sdk-metrics\1.25.0\opentelemetry-sdk-metrics-1.25.0.jar;C:\Users\anujr\.m2\repository\io\opentelemetry\opentelemetry-sdk-logs\1.25.0-alpha\opentelemetry-sdk-logs-1.25.0-alpha.jar;C:\Users\anujr\.m2\repository\io\opentelemetry\opentelemetry-api-logs\1.25.0-alpha\opentelemetry-api-logs-1.25.0-alpha.jar;C:\Users\anujr\.m2\repository\io\opentelemetry\opentelemetry-api-events\1.25.0-alpha\opentelemetry-api-events-1.25.0-alpha.jar;C:\Users\anujr\.m2\repository\io\opentelemetry\opentelemetry-sdk-common\1.25.0\opentelemetry-sdk-common-1.25.0.jar;C:\Users\anujr\.m2\repository\io\opentelemetry\opentelemetry-sdk-extension-autoconfigure-spi\1.25.0\opentelemetry-sdk-extension-autoconfigure-spi-1.25.0.jar;C:\Users\anujr\.m2\repository\io\opentelemetry\opentelemetry-sdk-extension-autoconfigure\1.25.0-alpha\opentelemetry-sdk-extension-autoconfigure-1.25.0-alpha.jar;C:\Users\anujr\.m2\repository\io\opentelemetry\opentelemetry-sdk-trace\1.25.0\opentelemetry-sdk-trace-1.25.0.jar;C:\Users\anujr\.m2\repository\io\opentelemetry\opentelemetry-sdk\1.25.0\opentelemetry-sdk-1.25.0.jar;C:\Users\anujr\.m2\repository\io\opentelemetry\opentelemetry-semconv\1.25.0-alpha\opentelemetry-semconv-1.25.0-alpha.jar;C:\Users\anujr\.m2\repository\io\ous\jtoml\2.0.0\jtoml-2.0.0.jar;C:\Users\anujr\.m2\repository\net\bytebuddy\byte-buddy\1.14.4\byte-buddy-1.14.4.jar;C:\Users\anujr\.m2\repository\org\apache\commons\commons-exec\1.3\commons-exec-1.3.jar;C:\Users\anujr\.m2\repository\org\asynchttpclient\async-http-client\2.12.3\async-http-client-2.12.3.jar;C:\Users\anujr\.m2\repository\org\asynchttpclient\async-http-client-netty-utils\2.12.3\async-http-client-netty-utils-2.12.3.jar;C:\Users\anujr\.m2\repository\io\netty\netty-codec-socks\4.1.60.Final\netty-codec-socks-4.1.60.Final.jar;C:\Users\anujr\.m2\repository\io\netty\netty-handler-proxy\4.1.60.Final\netty-handler-proxy-4.1.60.Final.jar;C:\Users\anujr\.m2\repository\io\netty\netty-transport-native-epoll\4.1.60.Final\netty-transport-native-epoll-4.1.60.Final-linux-x86_64.jar;C:\Users\anujr\.m2\repository\io\netty\netty-transport-native-kqueue\4.1.60.Final\netty-transport-native-kqueue-4.1.60.Final-osx-x86_64.jar;C:\Users\anujr\.m2\repository\com\typesafe\netty\netty-reactive-streams\2.0.4\netty-reactive-streams-2.0.4.jar;C:\Users\anujr\.m2\repository\com\sun\activation\jakarta.activation\1.2.2\jakarta.activation-1.2.2.jar;C:\Users\anujr\.m2\repository\org\seleniumhq\selenium\selenium-safari-driver\4.9.0\selenium-safari-driver-4.9.0.jar;C:\Users\anujr\.m2\repository\org\seleniumhq\selenium\selenium-support\4.9.0\selenium-support-4.9.0.jar;C:\Users\anujr\.m2\repository\org\testng\testng\7.0.0\testng-7.0.0.jar;C:\Users\anujr\.m2\repository\com\beust\jcommander\1.72\jcommander-1.72.jar;C:\Users\anujr\.m2\repository\org\apache\poi\poi\5.2.3\poi-5.2.3.jar;C:\Users\anujr\.m2\repository\commons-codec\commons-codec\1.15\commons-codec-1.15.jar;C:\Users\anujr\.m2\repository\org\apache\commons\commons-collections4\4.4\commons-collections4-4.4.jar;C:\Users\anujr\.m2\repository\org\apache\commons\commons-math3\3.6.1\commons-math3-3.6.1.jar;C:\Users\anujr\.m2\repository\commons-io\commons-io\2.11.0\commons-io-2.11.0.jar;C:\Users\anujr\.m2\repository\com\zaxxer\SparseBitSet\1.2\SparseBitSet-1.2.jar;C:\Users\anujr\.m2\repository\org\apache\logging\log4j\log4j-api\2.18.0\log4j-api-2.18.0.jar;C:\Users\anujr\.m2\repository\io\appium\java-client\8.4.0\java-client-8.4.0.jar;C:\Users\anujr\.m2\repository\com\google\code\gson\gson\2.10.1\gson-2.10.1.jar;C:\Users\anujr\.m2\repository\cglib\cglib\3.3.0\cglib-3.3.0.jar;C:\Users\anujr\.m2\repository\org\ow2\asm\asm\7.1\asm-7.1.jar;C:\Users\anujr\.m2\repository\commons-validator\commons-validator\1.7\commons-validator-1.7.jar;C:\Users\anujr\.m2\repository\commons-beanutils\commons-beanutils\1.9.4\commons-beanutils-1.9.4.jar;C:\Users\anujr\.m2\repository\commons-digester\commons-digester\2.1\commons-digester-2.1.jar;C:\Users\anujr\.m2\repository\commons-logging\commons-logging\1.2\commons-logging-1.2.jar;C:\Users\anujr\.m2\repository\commons-collections\commons-collections\3.2.2\commons-collections-3.2.2.jar;C:\Users\anujr\.m2\repository\org\apache\commons\commons-lang3\3.12.0\commons-lang3-3.12.0.jar;C:\Users\anujr\.m2\repository\org\slf4j\slf4j-api\2.0.7\slf4j-api-2.0.7.jar;C:\Users\anujr\.m2\repository\org\projectlombok\lombok\1.18.28\lombok-1.18.28.jar;C:\Users\anujr\.m2\repository\org\apache\poi\poi-ooxml\5.2.3\poi-ooxml-5.2.3.jar;C:\Users\anujr\.m2\repository\org\apache\poi\poi-ooxml-lite\5.2.3\poi-ooxml-lite-5.2.3.jar;C:\Users\anujr\.m2\repository\org\apache\xmlbeans\xmlbeans\5.1.1\xmlbeans-5.1.1.jar;C:\Users\anujr\.m2\repository\org\apache\commons\commons-compress\1.21\commons-compress-1.21.jar;C:\Users\anujr\.m2\repository\com\github\virtuald\curvesapi\1.07\curvesapi-1.07.jar;C:\Users\anujr\.m2\repository\com\aventstack\extentreports\5.0.9\extentreports-5.0.9.jar;C:\Users\anujr\.m2\repository\io\reactivex\rxjava3\rxjava\3.0.4\rxjava-3.0.4.jar;C:\Users\anujr\.m2\repository\org\reactivestreams\reactive-streams\1.0.3\reactive-streams-1.0.3.jar;C:\Users\anujr\.m2\repository\org\freemarker\freemarker\2.3.30\freemarker-2.3.30.jar;C:\Users\anujr\.m2\repository\org\apache\maven\surefire\surefire-testng-utils\2.22.0\surefire-testng-utils-2.22.0.jar;C:\Users\anujr\.m2\repository\org\apache\maven\surefire\surefire-grouper\2.22.0\surefire-grouper-2.22.0.jar;"/>
    <property name="sun.cpu.endian" value="little"/>
    <property name="user.home" value="C:\Users\anujr"/>
    <property name="user.language" value="en"/>
    <property name="java.specification.vendor" value="Oracle Corporation"/>
    <property name="java.version.date" value="2023-07-18"/>
    <property name="java.home" value="C:\Program Files\Java\jdk-17"/>
    <property name="file.separator" value="\"/>
    <property name="basedir" value="D:\MobileAutomation"/>
    <property name="java.vm.compressedOopsMode" value="Zero based"/>
    <property name="line.separator" value="&#10;"/>
    <property name="java.vm.specification.vendor" value="Oracle Corporation"/>
    <property name="java.specification.name" value="Java Platform API Specification"/>
    <property name="surefire.real.class.path" value="C:\Users\anujr\AppData\Local\Temp\surefire12333353331887404359\surefirebooter1208877611985331864.jar"/>
    <property name="user.script" value=""/>
    <property name="sun.management.compiler" value="HotSpot 64-Bit Tiered Compilers"/>
    <property name="java.runtime.version" value="17.0.8+9-LTS-211"/>
    <property name="user.name" value="anujr"/>
    <property name="path.separator" value=";"/>
    <property name="os.version" value="10.0"/>
    <property name="java.runtime.name" value="Java(TM) SE Runtime Environment"/>
    <property name="file.encoding" value="Cp1252"/>
    <property name="java.vm.name" value="Java HotSpot(TM) 64-Bit Server VM"/>
    <property name="localRepository" value="C:\Users\anujr\.m2\repository"/>
    <property name="java.vendor.url.bug" value="https://bugreport.java.com/bugreport/"/>
    <property name="java.io.tmpdir" value="C:\Users\anujr\AppData\Local\Temp\"/>
    <property name="java.version" value="17.0.8"/>
    <property name="user.dir" value="D:\MobileAutomation"/>
    <property name="os.arch" value="amd64"/>
    <property name="java.vm.specification.name" value="Java Virtual Machine Specification"/>
    <property name="sun.os.patch.level" value=""/>
    <property name="native.encoding" value="Cp1252"/>
    <property name="java.library.path" value="C:\Program Files\Java\jdk-17\bin;C:\Windows\Sun\Java\bin;C:\Windows\system32;C:\Windows;C:\Program Files\Common Files\Oracle\Java\javapath;C:\Windows\system32;C:\Windows;C:\Windows\System32\Wbem;C:\Windows\System32\WindowsPowerShell\v1.0\;C:\Windows\System32\OpenSSH\;C:\Program Files (x86)\NVIDIA Corporation\PhysX\Common;C:\Program Files\NVIDIA Corporation\NVIDIA NvDLISR;C:\Users\anujr\AppData\Local\Android\Sdk\build-tools;C:\Users\anujr\AppData\Local\Android\Sdk\platforms;C:\Users\anujr\AppData\Local\Android\Sdk\platform-tools;C:\Program Files\Java\jdk-17\bin;C:\maven\apache-maven-3.9.5-bin\apache-maven-3.9.5\bin;C:\Program Files\nodejs\;C:\Program Files (x86)\Git\cmd;C:\Users\anujr\AppData\Local\Microsoft\WindowsApps;C:\Program Files\JetBrains\IntelliJ IDEA Community Edition 2023.2.3\bin;;C:\Users\anujr\AppData\Local\GitHubDesktop\bin;C:\Users\anujr\AppData\Roaming\npm;C:\Users\anujr\AppData\Local\Programs\Microsoft VS Code\bin;."/>
    <property name="java.vm.info" value="mixed mode, sharing"/>
    <property name="java.vendor" value="Oracle Corporation"/>
    <property name="java.vm.version" value="17.0.8+9-LTS-211"/>
    <property name="sun.io.unicode.encoding" value="UnicodeLittle"/>
    <property name="java.class.version" value="61.0"/>
  </properties>
  <testcase name="setup" classname="testz.loginTest" time="36.355">
    <failure message="Could not start a new session. Response code 500. Message: An unknown server-side error occurred while processing the command. Original error: Error executing adbExec. Original error: &apos;Command &apos;C:\\Users\\anujr\\AppData\\Local\\Android\\Sdk\\platform-tools\\adb.exe -P 5037 -s emulator-5554 shell &apos;settings delete global hidden_api_policy_pre_p_apps;settings delete global hidden_api_policy_p_apps;settings delete global hidden_api_policy&apos;&apos; exited with code 20&apos;; Command output: cmd: Can&apos;t find service: settings&#10;cmd: Can&apos;t find service: settings&#10;cmd: Can&apos;t find service: settings&#10; &#10;Host info: host: &apos;ANUJ&apos;, ip: &apos;192.168.27.251&apos;&#10;Build info: version: &apos;4.9.0&apos;, revision: &apos;d7057100a6&apos;&#10;System info: os.name: &apos;Windows 11&apos;, os.arch: &apos;amd64&apos;, os.version: &apos;10.0&apos;, java.version: &apos;17.0.8&apos;&#10;Driver info: io.appium.java_client.android.AndroidDriver&#10;Command: [null, newSession {capabilities=[{appium:deviceName=emulator-5554, appium:newCommandTimeout=100000, appium:noReset=true, platformName=ANDROID}], desiredCapabilities=Capabilities {deviceName: emulator-5554, newCommandTimeout: 100000, noReset: true, platformName: ANDROID}}]&#10;Capabilities {deviceName: emulator-5554, newCommandTimeout: 100000, noReset: true, platformName: ANDROID}" type="org.openqa.selenium.SessionNotCreatedException">org.openqa.selenium.SessionNotCreatedException: 
Could not start a new session. Response code 500. Message: An unknown server-side error occurred while processing the command. Original error: Error executing adbExec. Original error: 'Command 'C:\\Users\\anujr\\AppData\\Local\\Android\\Sdk\\platform-tools\\adb.exe -P 5037 -s emulator-5554 shell 'settings delete global hidden_api_policy_pre_p_apps;settings delete global hidden_api_policy_p_apps;settings delete global hidden_api_policy'' exited with code 20'; Command output: cmd: Can't find service: settings
cmd: Can't find service: settings
cmd: Can't find service: settings
 
Host info: host: 'ANUJ', ip: '192.168.27.251'
Build info: version: '4.9.0', revision: 'd7057100a6'
System info: os.name: 'Windows 11', os.arch: 'amd64', os.version: '10.0', java.version: '17.0.8'
Driver info: io.appium.java_client.android.AndroidDriver
Command: [null, newSession {capabilities=[{appium:deviceName=emulator-5554, appium:newCommandTimeout=100000, appium:noReset=true, platformName=ANDROID}], desiredCapabilities=Capabilities {deviceName: emulator-5554, newCommandTimeout: 100000, noReset: true, platformName: ANDROID}}]
Capabilities {deviceName: emulator-5554, newCommandTimeout: 100000, noReset: true, platformName: ANDROID}
</failure>
    <system-out><![CDATA[...
... TestNG 7.0.0 by CÃ©dric Beust (cedric@beust.com)
...

Test Suite started!
&amp#27;[35m[Appium]&amp#27;[39m Welcome to Appium v1.22.3
&amp#27;[35m[Appium]&amp#27;[39m Non-default server args:
&amp#27;[35m[Appium]&amp#27;[39m   address: 127.0.0.1
&amp#27;[35m[Appium]&amp#27;[39m   basePath: wd/hub/
&amp#27;[35m[Appium]&amp#27;[39m Appium REST http interface listener started on 127.0.0.1:4723
&amp#27;[35m[HTTP]&amp#27;[39m &amp#27;[37m-->&amp#27;[39m &amp#27;[37mGET&amp#27;[39m &amp#27;[37m/wd/hub/status&amp#27;[39m
&amp#27;[35m[HTTP]&amp#27;[39m &amp#27;[90m{}&amp#27;[39m
[debug] &amp#27;[35m[GENERIC]&amp#27;[39m Calling AppiumDriver.getStatus() with args: []
[debug] &amp#27;[35m[GENERIC]&amp#27;[39m Responding to client with driver.getStatus() result: {"build":{"version":"1.22.3"}}
&amp#27;[35m[HTTP]&amp#27;[39m &amp#27;[37m<-- GET /wd/hub/status &amp#27;[39m&amp#27;[32m200&amp#27;[39m &amp#27;[90m10 ms - 68&amp#27;[39m
&amp#27;[35m[HTTP]&amp#27;[39m &amp#27;[90m&amp#27;[39m
[debug] &amp#27;[35m[HTTP]&amp#27;[39m Request idempotency key: 1f95252f-3b6f-492b-98fc-4d043f37a7ca
&amp#27;[35m[HTTP]&amp#27;[39m &amp#27;[37m-->&amp#27;[39m &amp#27;[37mPOST&amp#27;[39m &amp#27;[37m/wd/hub/session&amp#27;[39m
&amp#27;[35m[HTTP]&amp#27;[39m &amp#27;[90m{"capabilities":{"firstMatch":[{}],"alwaysMatch":{"appium:deviceName":"emulator-5554","appium:newCommandTimeout":100000,"appium:noReset":true,"platformName":"ANDROID"}}}&amp#27;[39m
[debug] &amp#27;[35m[W3C]&amp#27;[39m Calling AppiumDriver.createSession() with args: [null,null,{"firstMatch":[{}],"alwaysMatch":{"appium:deviceName":"emulator-5554","appium:newCommandTimeout":100000,"appium:noReset":true,"platformName":"ANDROID"}}]
[debug] &amp#27;[35m[BaseDriver]&amp#27;[39m Event 'newSessionRequested' logged at 1710686417851 (20:10:17 GMT+0530 (India Standard Time))
&amp#27;[35m[Appium]&amp#27;[39m 
&amp#27;[35m[Appium]&amp#27;[39m ======================================================================
&amp#27;[35m[Appium]&amp#27;[39m   DEPRECATION WARNING:
&amp#27;[35m[Appium]&amp#27;[39m 
&amp#27;[35m[Appium]&amp#27;[39m   The 'automationName' capability was not provided in the desired 
&amp#27;[35m[Appium]&amp#27;[39m   capabilities for this Android session
&amp#27;[35m[Appium]&amp#27;[39m 
&amp#27;[35m[Appium]&amp#27;[39m   Setting 'automationName=UiAutomator2' by default and using the 
&amp#27;[35m[Appium]&amp#27;[39m   UiAutomator2 Driver
&amp#27;[35m[Appium]&amp#27;[39m 
&amp#27;[35m[Appium]&amp#27;[39m   The next major version of Appium (2.x) will **require** the 
&amp#27;[35m[Appium]&amp#27;[39m   'automationName' capability to be set for all sessions on all 
&amp#27;[35m[Appium]&amp#27;[39m   platforms
&amp#27;[35m[Appium]&amp#27;[39m 
&amp#27;[35m[Appium]&amp#27;[39m   In previous versions (Appium <= 1.13.x), the default was 
&amp#27;[35m[Appium]&amp#27;[39m   'automationName=UiAutomator1'
&amp#27;[35m[Appium]&amp#27;[39m 
&amp#27;[35m[Appium]&amp#27;[39m   If you wish to use that automation instead of UiAutomator2, please 
&amp#27;[35m[Appium]&amp#27;[39m   add 'automationName=UiAutomator1' to your desired capabilities
&amp#27;[35m[Appium]&amp#27;[39m 
&amp#27;[35m[Appium]&amp#27;[39m   For more information about drivers, please visit 
&amp#27;[35m[Appium]&amp#27;[39m   http://appium.io/docs/en/about-appium/intro/ and explore the 
&amp#27;[35m[Appium]&amp#27;[39m   'Drivers' menu
&amp#27;[35m[Appium]&amp#27;[39m 
&amp#27;[35m[Appium]&amp#27;[39m ======================================================================
&amp#27;[35m[Appium]&amp#27;[39m 
&amp#27;[35m[Appium]&amp#27;[39m Appium v1.22.3 creating new AndroidUiautomator2Driver (v1.70.1) session
[debug] &amp#27;[35m[BaseDriver]&amp#27;[39m Creating session with W3C capabilities: {
[debug] &amp#27;[35m[BaseDriver]&amp#27;[39m   "alwaysMatch": {
[debug] &amp#27;[35m[BaseDriver]&amp#27;[39m     "platformName": "ANDROID",
[debug] &amp#27;[35m[BaseDriver]&amp#27;[39m     "appium:deviceName": "emulator-5554",
[debug] &amp#27;[35m[BaseDriver]&amp#27;[39m     "appium:newCommandTimeout": 100000,
[debug] &amp#27;[35m[BaseDriver]&amp#27;[39m     "appium:noReset": true
[debug] &amp#27;[35m[BaseDriver]&amp#27;[39m   },
[debug] &amp#27;[35m[BaseDriver]&amp#27;[39m   "firstMatch": [
[debug] &amp#27;[35m[BaseDriver]&amp#27;[39m     {}
[debug] &amp#27;[35m[BaseDriver]&amp#27;[39m   ]
[debug] &amp#27;[35m[BaseDriver]&amp#27;[39m }
&amp#27;[35m[BaseDriver]&amp#27;[39m Session created with session id: 9769c7d7-99ca-4dd0-9578-d2567db562fc
&amp#27;[35m[UiAutomator2]&amp#27;[39m Neither 'app' nor 'appPackage' was set. Starting UiAutomator2 without the target application
&amp#27;[35m[ADB]&amp#27;[39m Found 2 'build-tools' folders under 'C:\Users\anujr\AppData\Local\Android\Sdk' (newest first):
&amp#27;[35m[ADB]&amp#27;[39m     C:/Users/anujr/AppData/Local/Android/Sdk/build-tools/34.0.0
&amp#27;[35m[ADB]&amp#27;[39m     C:/Users/anujr/AppData/Local/Android/Sdk/build-tools/33.0.1
&amp#27;[35m[ADB]&amp#27;[39m Using 'adb.exe' from 'C:\Users\anujr\AppData\Local\Android\Sdk\platform-tools\adb.exe'
[debug] &amp#27;[35m[ADB]&amp#27;[39m Running 'C:\Users\anujr\AppData\Local\Android\Sdk\platform-tools\adb.exe -P 5037 start-server'
&amp#27;[35m[AndroidDriver]&amp#27;[39m Retrieving device list
[debug] &amp#27;[35m[ADB]&amp#27;[39m Trying to find a connected android device
[debug] &amp#27;[35m[ADB]&amp#27;[39m Getting connected devices
[debug] &amp#27;[35m[ADB]&amp#27;[39m No connected devices have been detected
[debug] &amp#27;[35m[ADB]&amp#27;[39m Could not find online devices
[debug] &amp#27;[35m[ADB]&amp#27;[39m Reconnecting adb (target offline)
[debug] &amp#27;[35m[ADB]&amp#27;[39m Running 'C:\Users\anujr\AppData\Local\Android\Sdk\platform-tools\adb.exe -P 5037 reconnect offline'
[debug] &amp#27;[35m[ADB]&amp#27;[39m Getting connected devices
[debug] &amp#27;[35m[ADB]&amp#27;[39m No connected devices have been detected
[debug] &amp#27;[35m[ADB]&amp#27;[39m Could not find online devices
[debug] &amp#27;[35m[ADB]&amp#27;[39m Reconnecting adb (target offline)
[debug] &amp#27;[35m[ADB]&amp#27;[39m Running 'C:\Users\anujr\AppData\Local\Android\Sdk\platform-tools\adb.exe -P 5037 reconnect offline'
[debug] &amp#27;[35m[ADB]&amp#27;[39m Getting connected devices
[debug] &amp#27;[35m[ADB]&amp#27;[39m No connected devices have been detected
[debug] &amp#27;[35m[ADB]&amp#27;[39m Could not find online devices
[debug] &amp#27;[35m[ADB]&amp#27;[39m Reconnecting adb (target offline)
[debug] &amp#27;[35m[ADB]&amp#27;[39m Running 'C:\Users\anujr\AppData\Local\Android\Sdk\platform-tools\adb.exe -P 5037 reconnect offline'
[debug] &amp#27;[35m[ADB]&amp#27;[39m Getting connected devices
[debug] &amp#27;[35m[ADB]&amp#27;[39m No connected devices have been detected
[debug] &amp#27;[35m[ADB]&amp#27;[39m Could not find online devices
[debug] &amp#27;[35m[ADB]&amp#27;[39m Reconnecting adb (target offline)
[debug] &amp#27;[35m[ADB]&amp#27;[39m Running 'C:\Users\anujr\AppData\Local\Android\Sdk\platform-tools\adb.exe -P 5037 reconnect offline'
[debug] &amp#27;[35m[ADB]&amp#27;[39m Getting connected devices
[debug] &amp#27;[35m[ADB]&amp#27;[39m No connected devices have been detected
[debug] &amp#27;[35m[ADB]&amp#27;[39m Could not find online devices
[debug] &amp#27;[35m[ADB]&amp#27;[39m Reconnecting adb (target offline)
[debug] &amp#27;[35m[ADB]&amp#27;[39m Running 'C:\Users\anujr\AppData\Local\Android\Sdk\platform-tools\adb.exe -P 5037 reconnect offline'
[debug] &amp#27;[35m[ADB]&amp#27;[39m Getting connected devices
[debug] &amp#27;[35m[ADB]&amp#27;[39m No connected devices have been detected
[debug] &amp#27;[35m[ADB]&amp#27;[39m Could not find online devices
[debug] &amp#27;[35m[ADB]&amp#27;[39m Reconnecting adb (target offline)
[debug] &amp#27;[35m[ADB]&amp#27;[39m Running 'C:\Users\anujr\AppData\Local\Android\Sdk\platform-tools\adb.exe -P 5037 reconnect offline'
[debug] &amp#27;[35m[ADB]&amp#27;[39m Getting connected devices
[debug] &amp#27;[35m[ADB]&amp#27;[39m No connected devices have been detected
[debug] &amp#27;[35m[ADB]&amp#27;[39m Could not find online devices
[debug] &amp#27;[35m[ADB]&amp#27;[39m Reconnecting adb (target offline)
[debug] &amp#27;[35m[ADB]&amp#27;[39m Running 'C:\Users\anujr\AppData\Local\Android\Sdk\platform-tools\adb.exe -P 5037 reconnect offline'
[debug] &amp#27;[35m[ADB]&amp#27;[39m Getting connected devices
[debug] &amp#27;[35m[ADB]&amp#27;[39m No connected devices have been detected
[debug] &amp#27;[35m[ADB]&amp#27;[39m Could not find online devices
[debug] &amp#27;[35m[ADB]&amp#27;[39m Reconnecting adb (target offline)
[debug] &amp#27;[35m[ADB]&amp#27;[39m Running 'C:\Users\anujr\AppData\Local\Android\Sdk\platform-tools\adb.exe -P 5037 reconnect offline'
[debug] &amp#27;[35m[ADB]&amp#27;[39m Getting connected devices
[debug] &amp#27;[35m[ADB]&amp#27;[39m No connected devices have been detected
[debug] &amp#27;[35m[ADB]&amp#27;[39m Could not find online devices
[debug] &amp#27;[35m[ADB]&amp#27;[39m Reconnecting adb (target offline)
[debug] &amp#27;[35m[ADB]&amp#27;[39m Running 'C:\Users\anujr\AppData\Local\Android\Sdk\platform-tools\adb.exe -P 5037 reconnect offline'
[debug] &amp#27;[35m[ADB]&amp#27;[39m Getting connected devices
[debug] &amp#27;[35m[ADB]&amp#27;[39m No connected devices have been detected
[debug] &amp#27;[35m[ADB]&amp#27;[39m Could not find online devices
[debug] &amp#27;[35m[ADB]&amp#27;[39m Reconnecting adb (target offline)
[debug] &amp#27;[35m[ADB]&amp#27;[39m Running 'C:\Users\anujr\AppData\Local\Android\Sdk\platform-tools\adb.exe -P 5037 reconnect offline'
[debug] &amp#27;[35m[ADB]&amp#27;[39m Getting connected devices
[debug] &amp#27;[35m[ADB]&amp#27;[39m No connected devices have been detected
[debug] &amp#27;[35m[ADB]&amp#27;[39m Could not find online devices
[debug] &amp#27;[35m[ADB]&amp#27;[39m Reconnecting adb (target offline)
[debug] &amp#27;[35m[ADB]&amp#27;[39m Running 'C:\Users\anujr\AppData\Local\Android\Sdk\platform-tools\adb.exe -P 5037 reconnect offline'
[debug] &amp#27;[35m[ADB]&amp#27;[39m Getting connected devices
[debug] &amp#27;[35m[ADB]&amp#27;[39m No connected devices have been detected
[debug] &amp#27;[35m[ADB]&amp#27;[39m Could not find online devices
[debug] &amp#27;[35m[ADB]&amp#27;[39m Reconnecting adb (target offline)
[debug] &amp#27;[35m[ADB]&amp#27;[39m Running 'C:\Users\anujr\AppData\Local\Android\Sdk\platform-tools\adb.exe -P 5037 reconnect offline'
[debug] &amp#27;[35m[ADB]&amp#27;[39m Getting connected devices
[debug] &amp#27;[35m[ADB]&amp#27;[39m No connected devices have been detected
[debug] &amp#27;[35m[ADB]&amp#27;[39m Could not find online devices
[debug] &amp#27;[35m[ADB]&amp#27;[39m Reconnecting adb (target offline)
[debug] &amp#27;[35m[ADB]&amp#27;[39m Running 'C:\Users\anujr\AppData\Local\Android\Sdk\platform-tools\adb.exe -P 5037 reconnect offline'
[debug] &amp#27;[35m[ADB]&amp#27;[39m Getting connected devices
[debug] &amp#27;[35m[ADB]&amp#27;[39m No connected devices have been detected
[debug] &amp#27;[35m[ADB]&amp#27;[39m Could not find online devices
[debug] &amp#27;[35m[ADB]&amp#27;[39m Reconnecting adb (target offline)
[debug] &amp#27;[35m[ADB]&amp#27;[39m Running 'C:\Users\anujr\AppData\Local\Android\Sdk\platform-tools\adb.exe -P 5037 reconnect offline'
[debug] &amp#27;[35m[ADB]&amp#27;[39m Getting connected devices
[debug] &amp#27;[35m[ADB]&amp#27;[39m No connected devices have been detected
[debug] &amp#27;[35m[ADB]&amp#27;[39m Could not find online devices
[debug] &amp#27;[35m[ADB]&amp#27;[39m Reconnecting adb (target offline)
[debug] &amp#27;[35m[ADB]&amp#27;[39m Running 'C:\Users\anujr\AppData\Local\Android\Sdk\platform-tools\adb.exe -P 5037 reconnect offline'
[debug] &amp#27;[35m[ADB]&amp#27;[39m Getting connected devices
[debug] &amp#27;[35m[ADB]&amp#27;[39m No connected devices have been detected
[debug] &amp#27;[35m[ADB]&amp#27;[39m Could not find online devices
[debug] &amp#27;[35m[ADB]&amp#27;[39m Reconnecting adb (target offline)
[debug] &amp#27;[35m[ADB]&amp#27;[39m Running 'C:\Users\anujr\AppData\Local\Android\Sdk\platform-tools\adb.exe -P 5037 reconnect offline'
[debug] &amp#27;[35m[ADB]&amp#27;[39m Getting connected devices
[debug] &amp#27;[35m[ADB]&amp#27;[39m No connected devices have been detected
[debug] &amp#27;[35m[ADB]&amp#27;[39m Could not find online devices
[debug] &amp#27;[35m[ADB]&amp#27;[39m Reconnecting adb (target offline)
[debug] &amp#27;[35m[ADB]&amp#27;[39m Running 'C:\Users\anujr\AppData\Local\Android\Sdk\platform-tools\adb.exe -P 5037 reconnect offline'
[debug] &amp#27;[35m[ADB]&amp#27;[39m Getting connected devices
[debug] &amp#27;[35m[ADB]&amp#27;[39m No connected devices have been detected
[debug] &amp#27;[35m[ADB]&amp#27;[39m Could not find online devices
[debug] &amp#27;[35m[ADB]&amp#27;[39m Reconnecting adb (target offline)
[debug] &amp#27;[35m[ADB]&amp#27;[39m Running 'C:\Users\anujr\AppData\Local\Android\Sdk\platform-tools\adb.exe -P 5037 reconnect offline'
[debug] &amp#27;[35m[ADB]&amp#27;[39m Getting connected devices
[debug] &amp#27;[35m[ADB]&amp#27;[39m No connected devices have been detected
[debug] &amp#27;[35m[ADB]&amp#27;[39m Could not find online devices
[debug] &amp#27;[35m[ADB]&amp#27;[39m Reconnecting adb (target offline)
[debug] &amp#27;[35m[ADB]&amp#27;[39m Running 'C:\Users\anujr\AppData\Local\Android\Sdk\platform-tools\adb.exe -P 5037 reconnect offline'
[debug] &amp#27;[35m[ADB]&amp#27;[39m Getting connected devices
[debug] &amp#27;[35m[ADB]&amp#27;[39m No connected devices have been detected
[debug] &amp#27;[35m[ADB]&amp#27;[39m Could not find online devices
[debug] &amp#27;[35m[ADB]&amp#27;[39m Reconnecting adb (target offline)
[debug] &amp#27;[35m[ADB]&amp#27;[39m Running 'C:\Users\anujr\AppData\Local\Android\Sdk\platform-tools\adb.exe -P 5037 reconnect offline'
[debug] &amp#27;[35m[ADB]&amp#27;[39m Getting connected devices
[debug] &amp#27;[35m[ADB]&amp#27;[39m No connected devices have been detected
[debug] &amp#27;[35m[ADB]&amp#27;[39m Could not find online devices
[debug] &amp#27;[35m[ADB]&amp#27;[39m Reconnecting adb (target offline)
[debug] &amp#27;[35m[ADB]&amp#27;[39m Running 'C:\Users\anujr\AppData\Local\Android\Sdk\platform-tools\adb.exe -P 5037 reconnect offline'
[debug] &amp#27;[35m[ADB]&amp#27;[39m Getting connected devices
[debug] &amp#27;[35m[ADB]&amp#27;[39m No connected devices have been detected
[debug] &amp#27;[35m[ADB]&amp#27;[39m Could not find online devices
[debug] &amp#27;[35m[ADB]&amp#27;[39m Reconnecting adb (target offline)
[debug] &amp#27;[35m[ADB]&amp#27;[39m Running 'C:\Users\anujr\AppData\Local\Android\Sdk\platform-tools\adb.exe -P 5037 reconnect offline'
[debug] &amp#27;[35m[ADB]&amp#27;[39m Getting connected devices
[debug] &amp#27;[35m[ADB]&amp#27;[39m No connected devices have been detected
[debug] &amp#27;[35m[ADB]&amp#27;[39m Could not find online devices
[debug] &amp#27;[35m[ADB]&amp#27;[39m Reconnecting adb (target offline)
[debug] &amp#27;[35m[ADB]&amp#27;[39m Running 'C:\Users\anujr\AppData\Local\Android\Sdk\platform-tools\adb.exe -P 5037 reconnect offline'
[debug] &amp#27;[35m[ADB]&amp#27;[39m Getting connected devices
[debug] &amp#27;[35m[ADB]&amp#27;[39m No connected devices have been detected
[debug] &amp#27;[35m[ADB]&amp#27;[39m Could not find online devices
[debug] &amp#27;[35m[ADB]&amp#27;[39m Reconnecting adb (target offline)
[debug] &amp#27;[35m[ADB]&amp#27;[39m Running 'C:\Users\anujr\AppData\Local\Android\Sdk\platform-tools\adb.exe -P 5037 reconnect offline'
[debug] &amp#27;[35m[ADB]&amp#27;[39m Getting connected devices
[debug] &amp#27;[35m[ADB]&amp#27;[39m No connected devices have been detected
[debug] &amp#27;[35m[ADB]&amp#27;[39m Could not find online devices
[debug] &amp#27;[35m[ADB]&amp#27;[39m Reconnecting adb (target offline)
[debug] &amp#27;[35m[ADB]&amp#27;[39m Running 'C:\Users\anujr\AppData\Local\Android\Sdk\platform-tools\adb.exe -P 5037 reconnect offline'
[debug] &amp#27;[35m[ADB]&amp#27;[39m Getting connected devices
[debug] &amp#27;[35m[ADB]&amp#27;[39m No connected devices have been detected
[debug] &amp#27;[35m[ADB]&amp#27;[39m Could not find online devices
[debug] &amp#27;[35m[ADB]&amp#27;[39m Reconnecting adb (target offline)
[debug] &amp#27;[35m[ADB]&amp#27;[39m Running 'C:\Users\anujr\AppData\Local\Android\Sdk\platform-tools\adb.exe -P 5037 reconnect offline'
[debug] &amp#27;[35m[ADB]&amp#27;[39m Getting connected devices
[debug] &amp#27;[35m[ADB]&amp#27;[39m No connected devices have been detected
[debug] &amp#27;[35m[ADB]&amp#27;[39m Could not find online devices
[debug] &amp#27;[35m[ADB]&amp#27;[39m Reconnecting adb (target offline)
[debug] &amp#27;[35m[ADB]&amp#27;[39m Running 'C:\Users\anujr\AppData\Local\Android\Sdk\platform-tools\adb.exe -P 5037 reconnect offline'
[debug] &amp#27;[35m[ADB]&amp#27;[39m Getting connected devices
[debug] &amp#27;[35m[ADB]&amp#27;[39m No connected devices have been detected
[debug] &amp#27;[35m[ADB]&amp#27;[39m Could not find online devices
[debug] &amp#27;[35m[ADB]&amp#27;[39m Reconnecting adb (target offline)
[debug] &amp#27;[35m[ADB]&amp#27;[39m Running 'C:\Users\anujr\AppData\Local\Android\Sdk\platform-tools\adb.exe -P 5037 reconnect offline'
[debug] &amp#27;[35m[ADB]&amp#27;[39m Getting connected devices
[debug] &amp#27;[35m[ADB]&amp#27;[39m No connected devices have been detected
[debug] &amp#27;[35m[ADB]&amp#27;[39m Could not find online devices
[debug] &amp#27;[35m[ADB]&amp#27;[39m Reconnecting adb (target offline)
[debug] &amp#27;[35m[ADB]&amp#27;[39m Running 'C:\Users\anujr\AppData\Local\Android\Sdk\platform-tools\adb.exe -P 5037 reconnect offline'
[debug] &amp#27;[35m[ADB]&amp#27;[39m Getting connected devices
[debug] &amp#27;[35m[ADB]&amp#27;[39m No connected devices have been detected
[debug] &amp#27;[35m[ADB]&amp#27;[39m Could not find online devices
[debug] &amp#27;[35m[ADB]&amp#27;[39m Reconnecting adb (target offline)
[debug] &amp#27;[35m[ADB]&amp#27;[39m Running 'C:\Users\anujr\AppData\Local\Android\Sdk\platform-tools\adb.exe -P 5037 reconnect offline'
[debug] &amp#27;[35m[ADB]&amp#27;[39m Getting connected devices
[debug] &amp#27;[35m[ADB]&amp#27;[39m No connected devices have been detected
[debug] &amp#27;[35m[ADB]&amp#27;[39m Could not find online devices
[debug] &amp#27;[35m[ADB]&amp#27;[39m Reconnecting adb (target offline)
[debug] &amp#27;[35m[ADB]&amp#27;[39m Running 'C:\Users\anujr\AppData\Local\Android\Sdk\platform-tools\adb.exe -P 5037 reconnect offline'
[debug] &amp#27;[35m[ADB]&amp#27;[39m Getting connected devices
[debug] &amp#27;[35m[ADB]&amp#27;[39m No connected devices have been detected
[debug] &amp#27;[35m[ADB]&amp#27;[39m Could not find online devices
[debug] &amp#27;[35m[ADB]&amp#27;[39m Reconnecting adb (target offline)
[debug] &amp#27;[35m[ADB]&amp#27;[39m Running 'C:\Users\anujr\AppData\Local\Android\Sdk\platform-tools\adb.exe -P 5037 reconnect offline'
[debug] &amp#27;[35m[ADB]&amp#27;[39m Getting connected devices
[debug] &amp#27;[35m[ADB]&amp#27;[39m No connected devices have been detected
[debug] &amp#27;[35m[ADB]&amp#27;[39m Could not find online devices
[debug] &amp#27;[35m[ADB]&amp#27;[39m Reconnecting adb (target offline)
[debug] &amp#27;[35m[ADB]&amp#27;[39m Running 'C:\Users\anujr\AppData\Local\Android\Sdk\platform-tools\adb.exe -P 5037 reconnect offline'
[debug] &amp#27;[35m[ADB]&amp#27;[39m Getting connected devices
[debug] &amp#27;[35m[ADB]&amp#27;[39m No connected devices have been detected
[debug] &amp#27;[35m[ADB]&amp#27;[39m Could not find online devices
[debug] &amp#27;[35m[ADB]&amp#27;[39m Reconnecting adb (target offline)
[debug] &amp#27;[35m[ADB]&amp#27;[39m Running 'C:\Users\anujr\AppData\Local\Android\Sdk\platform-tools\adb.exe -P 5037 reconnect offline'
[debug] &amp#27;[35m[ADB]&amp#27;[39m Getting connected devices
[debug] &amp#27;[35m[ADB]&amp#27;[39m No connected devices have been detected
[debug] &amp#27;[35m[ADB]&amp#27;[39m Could not find online devices
[debug] &amp#27;[35m[ADB]&amp#27;[39m Reconnecting adb (target offline)
[debug] &amp#27;[35m[ADB]&amp#27;[39m Running 'C:\Users\anujr\AppData\Local\Android\Sdk\platform-tools\adb.exe -P 5037 reconnect offline'
[debug] &amp#27;[35m[ADB]&amp#27;[39m Getting connected devices
[debug] &amp#27;[35m[ADB]&amp#27;[39m No connected devices have been detected
[debug] &amp#27;[35m[ADB]&amp#27;[39m Could not find online devices
[debug] &amp#27;[35m[ADB]&amp#27;[39m Reconnecting adb (target offline)
[debug] &amp#27;[35m[ADB]&amp#27;[39m Running 'C:\Users\anujr\AppData\Local\Android\Sdk\platform-tools\adb.exe -P 5037 reconnect offline'
[debug] &amp#27;[35m[ADB]&amp#27;[39m Getting connected devices
[debug] &amp#27;[35m[ADB]&amp#27;[39m No connected devices have been detected
[debug] &amp#27;[35m[ADB]&amp#27;[39m Could not find online devices
[debug] &amp#27;[35m[ADB]&amp#27;[39m Reconnecting adb (target offline)
[debug] &amp#27;[35m[ADB]&amp#27;[39m Running 'C:\Users\anujr\AppData\Local\Android\Sdk\platform-tools\adb.exe -P 5037 reconnect offline'
[debug] &amp#27;[35m[ADB]&amp#27;[39m Getting connected devices
[debug] &amp#27;[35m[ADB]&amp#27;[39m No connected devices have been detected
[debug] &amp#27;[35m[ADB]&amp#27;[39m Could not find online devices
[debug] &amp#27;[35m[ADB]&amp#27;[39m Reconnecting adb (target offline)
[debug] &amp#27;[35m[ADB]&amp#27;[39m Running 'C:\Users\anujr\AppData\Local\Android\Sdk\platform-tools\adb.exe -P 5037 reconnect offline'
[debug] &amp#27;[35m[ADB]&amp#27;[39m Getting connected devices
[debug] &amp#27;[35m[ADB]&amp#27;[39m No connected devices have been detected
[debug] &amp#27;[35m[ADB]&amp#27;[39m Could not find online devices
[debug] &amp#27;[35m[ADB]&amp#27;[39m Reconnecting adb (target offline)
[debug] &amp#27;[35m[ADB]&amp#27;[39m Running 'C:\Users\anujr\AppData\Local\Android\Sdk\platform-tools\adb.exe -P 5037 reconnect offline'
[debug] &amp#27;[35m[ADB]&amp#27;[39m Getting connected devices
[debug] &amp#27;[35m[ADB]&amp#27;[39m No connected devices have been detected
[debug] &amp#27;[35m[ADB]&amp#27;[39m Could not find online devices
[debug] &amp#27;[35m[ADB]&amp#27;[39m Reconnecting adb (target offline)
[debug] &amp#27;[35m[ADB]&amp#27;[39m Running 'C:\Users\anujr\AppData\Local\Android\Sdk\platform-tools\adb.exe -P 5037 reconnect offline'
[debug] &amp#27;[35m[ADB]&amp#27;[39m Getting connected devices
[debug] &amp#27;[35m[ADB]&amp#27;[39m No connected devices have been detected
[debug] &amp#27;[35m[ADB]&amp#27;[39m Could not find online devices
[debug] &amp#27;[35m[ADB]&amp#27;[39m Reconnecting adb (target offline)
[debug] &amp#27;[35m[ADB]&amp#27;[39m Running 'C:\Users\anujr\AppData\Local\Android\Sdk\platform-tools\adb.exe -P 5037 reconnect offline'
[debug] &amp#27;[35m[ADB]&amp#27;[39m Getting connected devices
[debug] &amp#27;[35m[ADB]&amp#27;[39m Connected devices: [{"udid":"emulator-5554","state":"device"}]
&amp#27;[35m[AndroidDriver]&amp#27;[39m Using device: emulator-5554
&amp#27;[35m[ADB]&amp#27;[39m Using 'adb.exe' from 'C:\Users\anujr\AppData\Local\Android\Sdk\platform-tools\adb.exe'
[debug] &amp#27;[35m[ADB]&amp#27;[39m Running 'C:\Users\anujr\AppData\Local\Android\Sdk\platform-tools\adb.exe -P 5037 start-server'
[debug] &amp#27;[35m[ADB]&amp#27;[39m Setting device id to emulator-5554
[debug] &amp#27;[35m[ADB]&amp#27;[39m Running 'C:\Users\anujr\AppData\Local\Android\Sdk\platform-tools\adb.exe -P 5037 -s emulator-5554 shell getprop ro.build.version.sdk'
[debug] &amp#27;[35m[ADB]&amp#27;[39m Current device property 'ro.build.version.sdk': 30
&amp#27;[35m[ADB]&amp#27;[39m Getting device platform version
[debug] &amp#27;[35m[ADB]&amp#27;[39m Running 'C:\Users\anujr\AppData\Local\Android\Sdk\platform-tools\adb.exe -P 5037 -s emulator-5554 shell getprop ro.build.version.release'
[debug] &amp#27;[35m[ADB]&amp#27;[39m Current device property 'ro.build.version.release': 11
[debug] &amp#27;[35m[ADB]&amp#27;[39m Device API level: 30
&amp#27;[35m[UiAutomator2]&amp#27;[39m Relaxing hidden api policy
[debug] &amp#27;[35m[ADB]&amp#27;[39m Running 'C:\Users\anujr\AppData\Local\Android\Sdk\platform-tools\adb.exe -P 5037 -s emulator-5554 shell 'settings put global hidden_api_policy_pre_p_apps 1;settings put global hidden_api_policy_p_apps 1;settings put global hidden_api_policy 1''
[debug] &amp#27;[35m[UiAutomator2]&amp#27;[39m Deleting UiAutomator2 session
&amp#27;[35m[UiAutomator2]&amp#27;[39m Restoring hidden api policy to the device default configuration
[debug] &amp#27;[35m[ADB]&amp#27;[39m Running 'C:\Users\anujr\AppData\Local\Android\Sdk\platform-tools\adb.exe -P 5037 -s emulator-5554 shell 'settings delete global hidden_api_policy_pre_p_apps;settings delete global hidden_api_policy_p_apps;settings delete global hidden_api_policy''
[debug] &amp#27;[35m[BaseDriver]&amp#27;[39m Event 'newSessionStarted' logged at 1710686430575 (20:10:30 GMT+0530 (India Standard Time))
[debug] &amp#27;[35m[W3C]&amp#27;[39m Encountered internal error running command: Error executing adbExec. Original error: 'Command 'C:\\Users\\anujr\\AppData\\Local\\Android\\Sdk\\platform-tools\\adb.exe -P 5037 -s emulator-5554 shell 'settings delete global hidden_api_policy_pre_p_apps;settings delete global hidden_api_policy_p_apps;settings delete global hidden_api_policy'' exited with code 20'; Command output: cmd: Can't find service: settings
[debug] &amp#27;[35m[W3C]&amp#27;[39m cmd: Can't find service: settings
[debug] &amp#27;[35m[W3C]&amp#27;[39m cmd: Can't find service: settings
[debug] &amp#27;[35m[W3C]&amp#27;[39m 
[debug] &amp#27;[35m[W3C]&amp#27;[39m Error: Command 'C:\\Users\\anujr\\AppData\\Local\\Android\\Sdk\\platform-tools\\adb.exe -P 5037 -s emulator-5554 shell 'settings delete global hidden_api_policy_pre_p_apps;settings delete global hidden_api_policy_p_apps;settings delete global hidden_api_policy'' exited with code 20
[debug] &amp#27;[35m[W3C]&amp#27;[39m     at ChildProcess.<anonymous> (C:\Appium\AppiumServer\Appium-Server-GUI-windows-1.22.3-4\resources\app\node_modules\appium\node_modules\teen_process\lib\exec.js:113:19)
[debug] &amp#27;[35m[W3C]&amp#27;[39m     at ChildProcess.emit (node:events:517:28)
[debug] &amp#27;[35m[W3C]&amp#27;[39m     at maybeClose (node:internal/child_process:1098:16)
[debug] &amp#27;[35m[W3C]&amp#27;[39m     at Process.ChildProcess._handle.onexit (node:internal/child_process:303:5)
&amp#27;[35m[HTTP]&amp#27;[39m &amp#27;[37m<-- POST /wd/hub/session &amp#27;[39m&amp#27;[31m500&amp#27;[39m &amp#27;[90m12778 ms - 1561&amp#27;[39m
&amp#27;[35m[HTTP]&amp#27;[39m &amp#27;[90m&amp#27;[39m
]]></system-out>
    <system-err><![CDATA[SLF4J: No SLF4J providers were found.
SLF4J: Defaulting to no-operation (NOP) logger implementation
SLF4J: See https://www.slf4j.org/codes.html#noProviders for further details.
ERROR StatusLogger Log4j2 could not find a logging implementation. Please add log4j-core to the classpath. Using SimpleLogger to log to the console...
]]></system-err>
  </testcase>
  <testcase name="verifyWifiScan" classname="testz.loginTest" time="0">
    <skipped message="Could not start a new session. Response code 500. Message: An unknown server-side error occurred while processing the command. Original error: Error executing adbExec. Original error: &apos;Command &apos;C:\\Users\\anujr\\AppData\\Local\\Android\\Sdk\\platform-tools\\adb.exe -P 5037 -s emulator-5554 shell &apos;settings delete global hidden_api_policy_pre_p_apps;settings delete global hidden_api_policy_p_apps;settings delete global hidden_api_policy&apos;&apos; exited with code 20&apos;; Command output: cmd: Can&apos;t find service: settings&#10;cmd: Can&apos;t find service: settings&#10;cmd: Can&apos;t find service: settings&#10; &#10;Host info: host: &apos;ANUJ&apos;, ip: &apos;192.168.27.251&apos;&#10;Build info: version: &apos;4.9.0&apos;, revision: &apos;d7057100a6&apos;&#10;System info: os.name: &apos;Windows 11&apos;, os.arch: &apos;amd64&apos;, os.version: &apos;10.0&apos;, java.version: &apos;17.0.8&apos;&#10;Driver info: io.appium.java_client.android.AndroidDriver&#10;Command: [null, newSession {capabilities=[{appium:deviceName=emulator-5554, appium:newCommandTimeout=100000, appium:noReset=true, platformName=ANDROID}], desiredCapabilities=Capabilities {deviceName: emulator-5554, newCommandTimeout: 100000, noReset: true, platformName: ANDROID}}]&#10;Capabilities {deviceName: emulator-5554, newCommandTimeout: 100000, noReset: true, platformName: ANDROID}"/>
    <system-out><![CDATA[verifyWifiScan started!
verifyWifiScan skipped!
]]></system-out>
  </testcase>
  <testcase name="verifyAntivirusScan" classname="testz.loginTest" time="0">
    <skipped message="Could not start a new session. Response code 500. Message: An unknown server-side error occurred while processing the command. Original error: Error executing adbExec. Original error: &apos;Command &apos;C:\\Users\\anujr\\AppData\\Local\\Android\\Sdk\\platform-tools\\adb.exe -P 5037 -s emulator-5554 shell &apos;settings delete global hidden_api_policy_pre_p_apps;settings delete global hidden_api_policy_p_apps;settings delete global hidden_api_policy&apos;&apos; exited with code 20&apos;; Command output: cmd: Can&apos;t find service: settings&#10;cmd: Can&apos;t find service: settings&#10;cmd: Can&apos;t find service: settings&#10; &#10;Host info: host: &apos;ANUJ&apos;, ip: &apos;192.168.27.251&apos;&#10;Build info: version: &apos;4.9.0&apos;, revision: &apos;d7057100a6&apos;&#10;System info: os.name: &apos;Windows 11&apos;, os.arch: &apos;amd64&apos;, os.version: &apos;10.0&apos;, java.version: &apos;17.0.8&apos;&#10;Driver info: io.appium.java_client.android.AndroidDriver&#10;Command: [null, newSession {capabilities=[{appium:deviceName=emulator-5554, appium:newCommandTimeout=100000, appium:noReset=true, platformName=ANDROID}], desiredCapabilities=Capabilities {deviceName: emulator-5554, newCommandTimeout: 100000, noReset: true, platformName: ANDROID}}]&#10;Capabilities {deviceName: emulator-5554, newCommandTimeout: 100000, noReset: true, platformName: ANDROID}"/>
    <system-out><![CDATA[verifyAntivirusScan started!
verifyAntivirusScan skipped!
]]></system-out>
  </testcase>
  <testcase name="verifyIncorrectLogin" classname="testz.loginTest" time="0">
    <skipped message="Could not start a new session. Response code 500. Message: An unknown server-side error occurred while processing the command. Original error: Error executing adbExec. Original error: &apos;Command &apos;C:\\Users\\anujr\\AppData\\Local\\Android\\Sdk\\platform-tools\\adb.exe -P 5037 -s emulator-5554 shell &apos;settings delete global hidden_api_policy_pre_p_apps;settings delete global hidden_api_policy_p_apps;settings delete global hidden_api_policy&apos;&apos; exited with code 20&apos;; Command output: cmd: Can&apos;t find service: settings&#10;cmd: Can&apos;t find service: settings&#10;cmd: Can&apos;t find service: settings&#10; &#10;Host info: host: &apos;ANUJ&apos;, ip: &apos;192.168.27.251&apos;&#10;Build info: version: &apos;4.9.0&apos;, revision: &apos;d7057100a6&apos;&#10;System info: os.name: &apos;Windows 11&apos;, os.arch: &apos;amd64&apos;, os.version: &apos;10.0&apos;, java.version: &apos;17.0.8&apos;&#10;Driver info: io.appium.java_client.android.AndroidDriver&#10;Command: [null, newSession {capabilities=[{appium:deviceName=emulator-5554, appium:newCommandTimeout=100000, appium:noReset=true, platformName=ANDROID}], desiredCapabilities=Capabilities {deviceName: emulator-5554, newCommandTimeout: 100000, noReset: true, platformName: ANDROID}}]&#10;Capabilities {deviceName: emulator-5554, newCommandTimeout: 100000, noReset: true, platformName: ANDROID}"/>
    <system-out><![CDATA[verifyIncorrectLogin started!
verifyIncorrectLogin skipped!
]]></system-out>
  </testcase>
  <testcase name="verifyFailure" classname="testz.loginTest" time="0">
    <skipped message="Could not start a new session. Response code 500. Message: An unknown server-side error occurred while processing the command. Original error: Error executing adbExec. Original error: &apos;Command &apos;C:\\Users\\anujr\\AppData\\Local\\Android\\Sdk\\platform-tools\\adb.exe -P 5037 -s emulator-5554 shell &apos;settings delete global hidden_api_policy_pre_p_apps;settings delete global hidden_api_policy_p_apps;settings delete global hidden_api_policy&apos;&apos; exited with code 20&apos;; Command output: cmd: Can&apos;t find service: settings&#10;cmd: Can&apos;t find service: settings&#10;cmd: Can&apos;t find service: settings&#10; &#10;Host info: host: &apos;ANUJ&apos;, ip: &apos;192.168.27.251&apos;&#10;Build info: version: &apos;4.9.0&apos;, revision: &apos;d7057100a6&apos;&#10;System info: os.name: &apos;Windows 11&apos;, os.arch: &apos;amd64&apos;, os.version: &apos;10.0&apos;, java.version: &apos;17.0.8&apos;&#10;Driver info: io.appium.java_client.android.AndroidDriver&#10;Command: [null, newSession {capabilities=[{appium:deviceName=emulator-5554, appium:newCommandTimeout=100000, appium:noReset=true, platformName=ANDROID}], desiredCapabilities=Capabilities {deviceName: emulator-5554, newCommandTimeout: 100000, noReset: true, platformName: ANDROID}}]&#10;Capabilities {deviceName: emulator-5554, newCommandTimeout: 100000, noReset: true, platformName: ANDROID}"/>
    <system-out><![CDATA[verifyFailure started!
verifyFailure skipped!
]]></system-out>
  </testcase>
  <testcase name="tearDown" classname="testz.loginTest" time="0">
    <skipped/>
  </testcase>
</testsuite>